<?xml version="1.0" encoding="UTF-8"?>

<testsuite name="org.robotlegs.mvcs.SignalCommandTests" tests="1" failures="0" errors="0" skipped="0" time="0.001" hostname="lindsey-fallows-macbook-pro.local" timestamp="2011-03-28T15:41:20">
  <testcase classname="org.robotlegs.mvcs::SignalCommandTests" name="signal_command_has_SignalCommandMap" time="0.001"/>
</testsuite>
