<?xml version="1.0" encoding="UTF-8"?>

<testsuite name="org.robotlegs.base.SignalCommandMapTests" tests="20" failures="0" errors="0" skipped="0" time="0.115" hostname="lindsey-fallows-macbook-pro.local" timestamp="2011-03-28T15:41:20">
  <testcase classname="org.robotlegs.base::SignalCommandMapTests" name="mapping_class_with_no_execute_throws_error" time="0.069"/>
  <testcase classname="org.robotlegs.base::SignalCommandMapTests" name="mapping_signal_class_returns_instance" time="0.001"/>
  <testcase classname="org.robotlegs.base::SignalCommandMapTests" name="mapping_signal_class_twice_returns_same_signal_instance" time="0.000"/>
  <testcase classname="org.robotlegs.base::SignalCommandMapTests" name="signal_mapped_as_class_maps_signal_instance_with_injector" time="0.001"/>
  <testcase classname="org.robotlegs.base::SignalCommandMapTests" name="map_signal_class_creates_command_mapping" time="0.001"/>
  <testcase classname="org.robotlegs.base::SignalCommandMapTests" name="unmap_signal_class_removes_command_mapping" time="0.001"/>
  <testcase classname="org.robotlegs.base::SignalCommandMapTests" name="SignalCommandMap_instance_is_ISignalCommandMap" time="0.000"/>
  <testcase classname="org.robotlegs.base::SignalCommandMapTests" name="xml_signal_value_properly_injected_into_command" time="0.002"/>
  <testcase classname="org.robotlegs.base::SignalCommandMapTests" name="mapping_signal_creates_command_mapping" time="0.001"/>
  <testcase classname="org.robotlegs.base::SignalCommandMapTests" name="ArrayCollection_signal_value_properly_injected_into_command" time="0.011"/>
  <testcase classname="org.robotlegs.base::SignalCommandMapTests" name="one_shot_command_only_executes_once" time="0.001"/>
  <testcase classname="org.robotlegs.base::SignalCommandMapTests" name="uint_signal_value_properly_injected_into_command" time="0.001"/>
  <testcase classname="org.robotlegs.base::SignalCommandMapTests" name="unmapping_signal_removes_command_mapping" time="0.001"/>
  <testcase classname="org.robotlegs.base::SignalCommandMapTests" name="int_signal_value_properly_injected_into_command" time="0.002"/>
  <testcase classname="org.robotlegs.base::SignalCommandMapTests" name="dispatch_signal_executes_command" time="0.001"/>
  <testcase classname="org.robotlegs.base::SignalCommandMapTests" name="signal_values_no_longer_persist_from_one_to_the_next" time="0.003"/>
  <testcase classname="org.robotlegs.base::SignalCommandMapTests" name="multiple_command_properties_values_are_injected" time="0.001"/>
  <testcase classname="org.robotlegs.base::SignalCommandMapTests" name="command_can_be_executed_multiple_times" time="0.000"/>
  <testcase classname="org.robotlegs.base::SignalCommandMapTests" name="command_receives_constructor_dependency_from_signal_dispatch" time="0.001"/>
  <testcase classname="org.robotlegs.base::SignalCommandMapTests" name="command_receives_two_constructor_dependencies_from_signal_dispatch" time="0.017"/>
</testsuite>
